<?xml version="1.0" encoding="UTF-8"?>
<!-- Generated by org.testng.reporters.JUnitXMLReporter -->
<testsuite hostname="Siri-PC" ignored="0" name="Default test" tests="4" failures="0" timestamp="08 Sep 2020 07:21:19 GMT" time="25.713" errors="0">
  <testcase name="enter_input_location" time="4.966" classname="com.zoopla.SearchhousesFunctionality.searchhouses"/>
  <testcase name="listof_house_prices_in_descending" time="5.216" classname="com.zoopla.SearchhousesFunctionality.searchhouses"/>
  <testcase name="click_on_the_fiveth_property" time="8.461" classname="com.zoopla.SearchhousesFunctionality.searchhouses"/>
  <testcase name="click_and_verify_agentname" time="1.544" classname="com.zoopla.SearchhousesFunctionality.searchhouses"/>
</testsuite> <!-- Default test -->
